<?xml version="1.0" encoding="UTF-8"?>
<!-- Generated by org.testng.reporters.JUnitXMLReporter -->
<testsuite ignored="2" hostname="Vinitha" failures="0" tests="3" name="ToolsQA" time="0.088" errors="0" timestamp="2022-07-02T19:42:19 GMT-04:00">
  <testcase classname="api.TestCase" name="Test04" time="0.009"/>
  <testcase classname="api.TestCase" name="Test05" time="0.001"/>
  <testcase classname="api.TestCase" name="Test02" time="0.002"/>
  <testcase classname="api.TestCase" name="Test01" time="0.0">
    <ignored/>
  </testcase> <!-- Test01 -->
  <testcase classname="api.TestCase" name="Test03" time="0.0">
    <ignored/>
  </testcase> <!-- Test03 -->
</testsuite> <!-- ToolsQA -->
